0.010000 86
0.010000 1
0.010000 1
0.010000 1
0.010000 1
0.010000 1
0.010000 1
0.010000 1
0.010000 11
0.010000 27
0.010000 2
0.010000 78
0.010000 1
0.010000 1
0.010000 1
0.010000 1
0.010000 1
0.010000 1
0.010000 1
0.010000 1
0.010000 1
0.010000 1
0.010000 1
0.010000 1
0.010000 1
0.010000 1
0.010000 1
0.010000 1
0.010000 1
0.010000 1
0.010000 1
0.010000 1
0.010000 1
0.010000 1
0.010000 1
0.010000 1
0.010000 11
0.010000 29
0.010000 62
0.010000 2
0.010000 64
0.010000 66
0.010000 203
0.010000 65
0.010000 78
0.010000 24
0.010000 1
0.010000 1
0.010000 1
0.010000 1
0.010000 1
0.010000 1
0.010000 1
0.010000 1
0.010000 1
0.010000 1
0.010000 1
0.010000 1
0.010000 1
0.010000 1
0.010000 3
0.010000 31
0.010000 31
0.010000 31
0.010000 31
0.010000 31
0.010000 31
0.010000 31
0.010000 27
0.010000 27
0.010000 27
0.010000 27
0.010000 27
0.010000 27
0.010000 11
0.010000 29
0.010000 64
0.010000 64
0.010000 66
0.010000 103
0.010000 37
0.010000 158
0.010000 79
0.010000 78
0.010000 79
0.010000 123
0.010000 41
0.010000 16
0.010000 65
0.010000 89
0.010000 1
0.010000 2
0.010000 16
0.010000 23
0.010000 259
0.010000 26
0.010000 26
0.010000 26
0.010000 26
0.010000 26
0.010000 25
0.010000 1
0.010000 26
0.010000 26
0.010000 26
0.010000 99
0.010000 53
0.010000 109
0.010000 109
0.010000 109
0.010000 53
0.010000 20
0.010000 78
0.010000 23
0.010000 69
0.010000 2
0.010000 9
0.010000 29
0.010000 64
0.010000 64
0.010000 66
0.010000 34
0.010000 2
0.010000 104
0.010000 47
0.010000 16
0.010000 65
0.010000 106
0.010000 22
0.010000 173
0.010000 49
0.010000 49
0.010000 49
0.010000 49
0.010000 49
0.010000 88
0.010000 48
0.010000 48
0.010000 48
0.010000 48
0.010000 49
0.010000 89
0.010000 89
0.010000 89
0.010000 89
0.010000 89
0.010000 89
0.010000 89
0.010000 89
0.010000 89
0.010000 89
0.010000 89
0.010000 89
0.010000 89
0.010000 89
0.010000 89
0.010000 89
0.010000 89
0.010000 89
0.010000 89
0.010000 89
0.010000 89
0.010000 89
0.010000 89
0.010000 89
0.010000 89
0.010000 89
0.010000 89
0.010000 89
0.010000 89
0.010000 89
0.010000 89
0.010000 89
0.010000 89
0.010000 89
0.010000 89
0.010000 89
0.010000 89
0.010000 89
0.010000 89
0.010000 89
0.010000 89
0.010000 89
0.010000 89
0.010000 89
0.010000 89
0.010000 89
0.010000 89
0.010000 89
0.010000 89
0.010000 89
0.010000 89
0.010000 89
0.010000 89
0.010000 89
0.010000 89
0.010000 89
0.010000 89
0.010000 89
0.010000 89
0.010000 89
0.010000 89
0.010000 89
0.010000 89
0.010000 89
0.010000 89
0.010000 89
0.010000 89
0.010000 89
0.010000 89
0.010000 89
0.010000 89
0.010000 89
0.010000 89
0.010000 89
0.010000 89
0.010000 89
0.010000 89
0.010000 89
0.010000 89
0.010000 89
0.010000 89
0.010000 89
0.010000 89
0.010000 89
0.010000 89
0.010000 89
0.010000 89
0.010000 89
0.010000 89
0.010000 89
0.010000 89
0.010000 89
0.010000 89
0.010000 89
0.010000 89
0.010000 89
0.010000 89
0.010000 89
0.010000 89
0.010000 89
0.010000 89
0.010000 89
0.010000 89
0.010000 89
0.010000 89
0.010000 89
0.010000 89
0.010000 85
0.010000 4
0.010000 85
0.010000 126
0.010000 176
0.010000 45
0.010000 16
0.010000 343
0.010000 26
0.010000 26
0.010000 26
0.010000 26
0.010000 26
0.010000 26
0.010000 26
0.010000 26
0.010000 26
0.010000 101
0.010000 66
0.010000 2
0.010000 109
0.010000 109
0.010000 52
0.010000 109
0.010000 53
0.010000 109
0.010000 109
0.010000 53
0.010000 20
0.010000 78
0.010000 1
0.010000 1
0.010000 1
0.010000 1
0.010000 11
0.010000 4
0.010000 2
0.010000 8
0.010000 78
0.010000 1
0.010000 1
0.010000 1
0.010000 1
0.010000 17
