0.016503 92
2.795853 4
1.031040 7
0.679661 1
0.096596 1
0.096670 1
0.217273 1
0.133102 1
0.280075 1
0.091173 1
0.326902 11
0.005514 675
0.000017 277
0.000852 92
3.622197 7
0.366641 15
0.339534 10
0.884385 14
0.191653 11
0.432809 10
2.627397 7
0.640725 10
3.107204 1
0.216279 1
0.519509 1
0.077328 1
1.718701 1
0.087735 1
0.176945 1
0.074279 1
0.420491 1
0.045623 1
0.466657 1
0.303099 1
0.277966 1
0.097433 1
0.219288 1
0.236630 1
0.719840 11
0.022734 29
0.015630 31
0.000787 33
0.008080 32
0.002551 32
0.037583 33
0.003240 33
0.137994 34
0.001452 104
0.000741 2
0.210699 76
0.000022 2
0.000599 14
0.000015 2
0.000025 34
0.000008 2
0.069110 39
0.000020 2
0.000020 7
0.000007 2
0.055658 63
0.000018 2
0.055598 56
0.000017 2
0.000035 24
0.000009 7
1.261763 1
0.579851 2
0.288949 16
0.028084 23
0.004336 259
0.022547 22
0.003017 4
0.015398 52
0.002992 26
0.002097 26
0.002038 26
0.003506 26
0.001685 26
0.007138 26
0.014849 101
0.003965 323
0.034005 144
0.077444 57
0.027479 61
0.011352 53
0.479286 56
0.030585 63
0.135704 20
0.968320 92
1.482478 1
0.171112 1
0.411071 1
0.118240 1
0.223171 1
0.243838 1
0.158001 1
0.130952 1
0.132039 1
0.786094 1
0.179073 1
0.270484 1
0.352523 1
0.174747 1
0.130226 1
0.228914 1
0.122402 1
0.757340 11
0.011419 29
0.013905 64
0.005843 64
0.037853 66
0.158183 103
0.001433 37
0.233311 83
0.071962 56
0.055065 65
0.046043 104
0.007154 18
0.000804 4
0.322706 148
0.500881 40
0.505457 40
0.501932 40
0.501655 41
0.501772 41
0.502157 41
0.512502 41
0.501147 41
0.501094 41
0.502060 41
0.503525 41
0.501070 124
0.502034 124
0.503563 124
0.513549 124
0.502274 124
0.501941 124
0.502808 124
0.502140 124
0.543724 124
0.505306 124
0.503828 124
0.501952 124
0.502370 124
0.502508 124
0.501527 124
0.502991 124
0.501721 124
0.502250 124
0.506066 124
0.501132 124
0.500889 124
0.504923 124
0.505327 124
0.501645 124
0.501883 124
0.504316 124
0.501533 124
0.500741 124
0.505990 124
0.501094 124
0.500291 124
0.501123 124
0.501708 124
0.501503 124
0.501674 124
0.478173 275
0.342473 16
0.047337 330
0.009665 22
0.007040 4
0.005215 22
0.002670 4
0.002100 26
0.006224 26
0.003218 26
0.000491 26
0.002039 26
0.003599 26
0.008794 26
0.012682 101
0.006086 346
0.005510 36
0.083019 144
0.045636 37
0.036536 144
0.029808 45
0.000320 99
0.006897 61
0.001459 2
0.024065 57
0.031993 61
0.012302 51
0.000011 2
0.488518 56
0.146326 20
1.026684 92
10.642245 1
0.281778 1
0.139090 1
0.265908 1
0.160858 2
0.000210 13
0.000339 2
